<?xml version="1.0" encoding="UTF-8"?>
<testsuite xmlns:xsi="http://www.w3.org/2001/XMLSchema-instance" xsi:noNamespaceSchemaLocation="https://maven.apache.org/surefire/maven-surefire-plugin/xsd/surefire-test-report-3.0.xsd" version="3.0" name="com.lexibridge.operations.integration.FullEndpointCoverageTest" time="18.527" tests="149" errors="0" skipped="0" failures="0">
  <properties>
[...]
</properties>
  <testcase name="contentApi_POST_itemMediaUpload" classname="com.lexibridge.operations.integration.FullEndpointCoverageTest" time="0.076"/>
  <testcase name="paymentsApi_POST_splitPolicy" classname="com.lexibridge.operations.integration.FullEndpointCoverageTest" time="0.766"/>
  <testcase name="adminApi_GET_status" classname="com.lexibridge.operations.integration.FullEndpointCoverageTest" time="0.016"/>
  <testcase name="adminApi_POST_usersUpdate" classname="com.lexibridge.operations.integration.FullEndpointCoverageTest" time="0.069"/>
  <testcase name="adminApi_GET_traces" classname="com.lexibridge.operations.integration.FullEndpointCoverageTest" time="0.026"/>
  <testcase name="moderationApi_POST_cases" classname="com.lexibridge.operations.integration.FullEndpointCoverageTest" time="0.046"/>
  <testcase name="leaveApi_GET_forms" classname="com.lexibridge.operations.integration.FullEndpointCoverageTest" time="0.021"/>
  <testcase name="paymentsApi_POST_tenders" classname="com.lexibridge.operations.integration.FullEndpointCoverageTest" time="0.07"/>
  <testcase name="adminApi_POST_usersRolesAssign" classname="com.lexibridge.operations.integration.FullEndpointCoverageTest" time="0.042"/>
  <testcase name="adminApi_POST_deviceHmacCutover" classname="com.lexibridge.operations.integration.FullEndpointCoverageTest" time="0.02"/>
  <testcase name="paymentsPortal_GET_reconciliationRunExport" classname="com.lexibridge.operations.integration.FullEndpointCoverageTest" time="0.023"/>
  <testcase name="moderationPortal_GET_case" classname="com.lexibridge.operations.integration.FullEndpointCoverageTest" time="0.029"/>
  <testcase name="leavePortal_POST_requestAttachmentLookup" classname="com.lexibridge.operations.integration.FullEndpointCoverageTest" time="0.061"/>
  <testcase name="bookingPortal_POST_reserve" classname="com.lexibridge.operations.integration.FullEndpointCoverageTest" time="0.101"/>
  <testcase name="bookingApi_POST_transition" classname="com.lexibridge.operations.integration.FullEndpointCoverageTest" time="0.043"/>
  <testcase name="moderationApi_POST_communityComments" classname="com.lexibridge.operations.integration.FullEndpointCoverageTest" time="0.019"/>
  <testcase name="contentPortal_POST_itemPublish" classname="com.lexibridge.operations.integration.FullEndpointCoverageTest" time="0.063"/>
  <testcase name="leavePortal_POST_requestResubmit" classname="com.lexibridge.operations.integration.FullEndpointCoverageTest" time="0.032"/>
  <testcase name="adminApi_POST_webhooksDispatchByLocation" classname="com.lexibridge.operations.integration.FullEndpointCoverageTest" time="4.031"/>
  <testcase name="bookingApi_GET_summary" classname="com.lexibridge.operations.integration.FullEndpointCoverageTest" time="0.033"/>
  <testcase name="leaveApi_POST_formsDefinitionVersions" classname="com.lexibridge.operations.integration.FullEndpointCoverageTest" time="0.037"/>
  <testcase name="bookingPortal_GET" classname="com.lexibridge.operations.integration.FullEndpointCoverageTest" time="0.029"/>
  <testcase name="leavePortal_GET_attachmentDownload" classname="com.lexibridge.operations.integration.FullEndpointCoverageTest" time="0.018"/>
  <testcase name="adminApi_POST_usersRolesRemove" classname="com.lexibridge.operations.integration.FullEndpointCoverageTest" time="0.034"/>
  <testcase name="moderationPortal_POST_cases" classname="com.lexibridge.operations.integration.FullEndpointCoverageTest" time="0.036"/>
  <testcase name="contentApi_POST_importsPreview" classname="com.lexibridge.operations.integration.FullEndpointCoverageTest" time="0.027"/>
  <testcase name="moderationApi_GET_targetMediaDownload" classname="com.lexibridge.operations.integration.FullEndpointCoverageTest" time="0.018"/>
  <testcase name="paymentsApi_POST_refundApprove" classname="com.lexibridge.operations.integration.FullEndpointCoverageTest" time="0.041"/>
  <testcase name="paymentsPortal_POST_exceptionReopen" classname="com.lexibridge.operations.integration.FullEndpointCoverageTest" time="0.064"/>
  <testcase name="paymentsApi_GET_summary" classname="com.lexibridge.operations.integration.FullEndpointCoverageTest" time="0.017"/>
  <testcase name="leaveApi_POST_approvalsCorrection" classname="com.lexibridge.operations.integration.FullEndpointCoverageTest" time="0.038"/>
  <testcase name="moderationApi_POST_qnaMediaUpload" classname="com.lexibridge.operations.integration.FullEndpointCoverageTest" time="0.027"/>
  <testcase name="adminApi_GET_users" classname="com.lexibridge.operations.integration.FullEndpointCoverageTest" time="0.018"/>
  <testcase name="leaveApi_GET_summary" classname="com.lexibridge.operations.integration.FullEndpointCoverageTest" time="0.017"/>
  <testcase name="adminPortal_POST_webhooks" classname="com.lexibridge.operations.integration.FullEndpointCoverageTest" time="0.035"/>
  <testcase name="moderationPortal_POST_reports" classname="com.lexibridge.operations.integration.FullEndpointCoverageTest" time="0.024"/>
  <testcase name="moderationApi_POST_commentMediaUpload" classname="com.lexibridge.operations.integration.FullEndpointCoverageTest" time="0.026"/>
  <testcase name="bookingPortal_POST_transition" classname="com.lexibridge.operations.integration.FullEndpointCoverageTest" time="0.032"/>
  <testcase name="bookingPortal_POST_attachments" classname="com.lexibridge.operations.integration.FullEndpointCoverageTest" time="0.042"/>
  <testcase name="bookingPortal_GET_qr" classname="com.lexibridge.operations.integration.FullEndpointCoverageTest" time="0.12"/>
  <testcase name="adminPortal_POST_emailReveal" classname="com.lexibridge.operations.integration.FullEndpointCoverageTest" time="0.04"/>
  <testcase name="moderationApi_POST_targetsComments" classname="com.lexibridge.operations.integration.FullEndpointCoverageTest" time="0.02"/>
  <testcase name="moderationApi_GET_qnaMediaList" classname="com.lexibridge.operations.integration.FullEndpointCoverageTest" time="0.016"/>
  <testcase name="leaveApi_GET_requestAttachmentDownload" classname="com.lexibridge.operations.integration.FullEndpointCoverageTest" time="0.015"/>
  <testcase name="moderationApi_POST_communityQna" classname="com.lexibridge.operations.integration.FullEndpointCoverageTest" time="0.017"/>
  <testcase name="leavePortal_POST_formVersions" classname="com.lexibridge.operations.integration.FullEndpointCoverageTest" time="0.031"/>
  <testcase name="leaveApi_POST_requestAttachment" classname="com.lexibridge.operations.integration.FullEndpointCoverageTest" time="0.029"/>
  <testcase name="contentApi_GET_summary" classname="com.lexibridge.operations.integration.FullEndpointCoverageTest" time="0.017"/>
  <testcase name="moderationPortal_POST_caseResolve" classname="com.lexibridge.operations.integration.FullEndpointCoverageTest" time="0.028"/>
  <testcase name="leavePortal_POST_requestAttachment" classname="com.lexibridge.operations.integration.FullEndpointCoverageTest" time="0.027"/>
  <testcase name="paymentsPortal_POST_splitPolicy" classname="com.lexibridge.operations.integration.FullEndpointCoverageTest" time="0.025"/>
  <testcase name="moderationApi_GET_postMediaDownload" classname="com.lexibridge.operations.integration.FullEndpointCoverageTest" time="0.023"/>
  <testcase name="paymentsPortal_POST_refunds" classname="com.lexibridge.operations.integration.FullEndpointCoverageTest" time="0.031"/>
  <testcase name="adminApi_GET_webhookCanDeliver" classname="com.lexibridge.operations.integration.FullEndpointCoverageTest" time="0.016"/>
  <testcase name="adminApi_GET_deviceHmacKeys" classname="com.lexibridge.operations.integration.FullEndpointCoverageTest" time="0.023"/>
  <testcase name="bookingPortal_POST_noShowOverride" classname="com.lexibridge.operations.integration.FullEndpointCoverageTest" time="0.053"/>
  <testcase name="bookingPortal_GET_print" classname="com.lexibridge.operations.integration.FullEndpointCoverageTest" time="0.035"/>
  <testcase name="moderationApi_GET_summary" classname="com.lexibridge.operations.integration.FullEndpointCoverageTest" time="0.032"/>
  <testcase name="moderationPortal_GET" classname="com.lexibridge.operations.integration.FullEndpointCoverageTest" time="0.023"/>
  <testcase name="paymentsPortal_GET" classname="com.lexibridge.operations.integration.FullEndpointCoverageTest" time="0.025"/>
  <testcase name="moderationApi_POST_targetMediaUpload" classname="com.lexibridge.operations.integration.FullEndpointCoverageTest" time="0.03"/>
  <testcase name="leaveApi_POST_requests" classname="com.lexibridge.operations.integration.FullEndpointCoverageTest" time="0.045"/>
  <testcase name="paymentsApi_POST_exceptionsReopen" classname="com.lexibridge.operations.integration.FullEndpointCoverageTest" time="0.035"/>
  <testcase name="contentApi_GET_exports" classname="com.lexibridge.operations.integration.FullEndpointCoverageTest" time="0.028"/>
  <testcase name="getRoot" classname="com.lexibridge.operations.integration.FullEndpointCoverageTest" time="0.017"/>
  <testcase name="adminApi_POST_usersEmailReveal" classname="com.lexibridge.operations.integration.FullEndpointCoverageTest" time="0.03"/>
  <testcase name="getPortalRoot" classname="com.lexibridge.operations.integration.FullEndpointCoverageTest" time="0.037"/>
  <testcase name="contentPortal_POST_items" classname="com.lexibridge.operations.integration.FullEndpointCoverageTest" time="0.076"/>
  <testcase name="contentPortal_POST_importsExecute" classname="com.lexibridge.operations.integration.FullEndpointCoverageTest" time="0.029"/>
  <testcase name="bookingPortal_POST_attendanceScan" classname="com.lexibridge.operations.integration.FullEndpointCoverageTest" time="0.029"/>
  <testcase name="bookingApi_POST_reserve" classname="com.lexibridge.operations.integration.FullEndpointCoverageTest" time="0.067"/>
  <testcase name="adminApi_POST_webhooksDispatchById" classname="com.lexibridge.operations.integration.FullEndpointCoverageTest" time="0.03"/>
  <testcase name="moderationApi_GET_qnaMediaDownload" classname="com.lexibridge.operations.integration.FullEndpointCoverageTest" time="0.059"/>
  <testcase name="bookingApi_POST_attachmentsUpload" classname="com.lexibridge.operations.integration.FullEndpointCoverageTest" time="0.029"/>
  <testcase name="leaveApi_GET_formsDefinitions" classname="com.lexibridge.operations.integration.FullEndpointCoverageTest" time="0.048"/>
  <testcase name="moderationApi_GET_targetMediaList" classname="com.lexibridge.operations.integration.FullEndpointCoverageTest" time="0.017"/>
  <testcase name="paymentsApi_GET_reconciliationExceptions" classname="com.lexibridge.operations.integration.FullEndpointCoverageTest" time="0.013"/>
  <testcase name="leavePortal_POST_approvalApprove" classname="com.lexibridge.operations.integration.FullEndpointCoverageTest" time="0.025"/>
  <testcase name="adminApi_POST_users" classname="com.lexibridge.operations.integration.FullEndpointCoverageTest" time="0.162"/>
  <testcase name="paymentsPortal_POST_exceptionResolve" classname="com.lexibridge.operations.integration.FullEndpointCoverageTest" time="0.056"/>
  <testcase name="bookingApi_POST_reschedule" classname="com.lexibridge.operations.integration.FullEndpointCoverageTest" time="0.062"/>
  <testcase name="contentApi_POST_items" classname="com.lexibridge.operations.integration.FullEndpointCoverageTest" time="0.045"/>
  <testcase name="moderationApi_POST_caseMediaUpload" classname="com.lexibridge.operations.integration.FullEndpointCoverageTest" time="0.03"/>
  <testcase name="paymentsApi_POST_refunds" classname="com.lexibridge.operations.integration.FullEndpointCoverageTest" time="0.017"/>
  <testcase name="adminApi_GET_webhooks" classname="com.lexibridge.operations.integration.FullEndpointCoverageTest" time="0.015"/>
  <testcase name="moderationApi_GET_reportsByReporter" classname="com.lexibridge.operations.integration.FullEndpointCoverageTest" time="0.014"/>
  <testcase name="adminPortal_POST_roleAssign" classname="com.lexibridge.operations.integration.FullEndpointCoverageTest" time="0.058"/>
  <testcase name="moderationApi_POST_casesResolve" classname="com.lexibridge.operations.integration.FullEndpointCoverageTest" time="0.02"/>
  <testcase name="paymentsPortal_POST_reconciliation" classname="com.lexibridge.operations.integration.FullEndpointCoverageTest" time="0.051"/>
  <testcase name="leaveApi_POST_formsDefinitions" classname="com.lexibridge.operations.integration.FullEndpointCoverageTest" time="0.037"/>
  <testcase name="contentPortal_GET_importErrorsCsv" classname="com.lexibridge.operations.integration.FullEndpointCoverageTest" time="0.021"/>
  <testcase name="moderationApi_POST_reportsResolve" classname="com.lexibridge.operations.integration.FullEndpointCoverageTest" time="0.016"/>
  <testcase name="paymentsPortal_POST_exceptionInReview" classname="com.lexibridge.operations.integration.FullEndpointCoverageTest" time="0.044"/>
  <testcase name="bookingApi_POST_noShowOverride" classname="com.lexibridge.operations.integration.FullEndpointCoverageTest" time="0.032"/>
  <testcase name="leavePortal_GET" classname="com.lexibridge.operations.integration.FullEndpointCoverageTest" time="0.023"/>
  <testcase name="moderationApi_GET_caseMediaDownload" classname="com.lexibridge.operations.integration.FullEndpointCoverageTest" time="0.015"/>
  <testcase name="leaveApi_GET_requestAttachmentList" classname="com.lexibridge.operations.integration.FullEndpointCoverageTest" time="0.014"/>
  <testcase name="moderationApi_GET_commentMediaList" classname="com.lexibridge.operations.integration.FullEndpointCoverageTest" time="0.016"/>
  <testcase name="getHealthUi" classname="com.lexibridge.operations.integration.FullEndpointCoverageTest" time="0.023"/>
  <testcase name="contentPortal_POST_itemRevision" classname="com.lexibridge.operations.integration.FullEndpointCoverageTest" time="0.038"/>
  <testcase name="contentPortal_POST_itemRollback" classname="com.lexibridge.operations.integration.FullEndpointCoverageTest" time="0.039"/>
  <testcase name="contentPortal_POST_importsPreview" classname="com.lexibridge.operations.integration.FullEndpointCoverageTest" time="0.022"/>
  <testcase name="contentPortal_POST_itemUnpublish" classname="com.lexibridge.operations.integration.FullEndpointCoverageTest" time="0.032"/>
  <testcase name="adminPortal_POST_roleRemove" classname="com.lexibridge.operations.integration.FullEndpointCoverageTest" time="0.063"/>
  <testcase name="leavePortal_POST_requestsLookup" classname="com.lexibridge.operations.integration.FullEndpointCoverageTest" time="0.028"/>
  <testcase name="paymentsPortal_POST_refundApprove" classname="com.lexibridge.operations.integration.FullEndpointCoverageTest" time="0.037"/>
  <testcase name="bookingPortal_POST_reschedule" classname="com.lexibridge.operations.integration.FullEndpointCoverageTest" time="0.029"/>
  <testcase name="contentApi_GET_itemMediaList" classname="com.lexibridge.operations.integration.FullEndpointCoverageTest" time="0.013"/>
  <testcase name="moderationApi_POST_targetsQna" classname="com.lexibridge.operations.integration.FullEndpointCoverageTest" time="0.016"/>
  <testcase name="deviceHmac_POST_paymentsCallback_withRealHmacSignature" classname="com.lexibridge.operations.integration.FullEndpointCoverageTest" time="0.109"/>
  <testcase name="paymentsApi_GET_reconciliationRunExport" classname="com.lexibridge.operations.integration.FullEndpointCoverageTest" time="0.055"/>
  <testcase name="moderationApi_POST_targetsPosts" classname="com.lexibridge.operations.integration.FullEndpointCoverageTest" time="0.038"/>
  <testcase name="paymentsPortal_POST_tenders" classname="com.lexibridge.operations.integration.FullEndpointCoverageTest" time="0.051"/>
  <testcase name="contentApi_POST_itemsRollback" classname="com.lexibridge.operations.integration.FullEndpointCoverageTest" time="0.035"/>
  <testcase name="contentApi_POST_itemsUnpublish" classname="com.lexibridge.operations.integration.FullEndpointCoverageTest" time="0.033"/>
  <testcase name="adminPortal_POST_userUpdate" classname="com.lexibridge.operations.integration.FullEndpointCoverageTest" time="0.049"/>
  <testcase name="leaveApi_POST_requestsWithdraw" classname="com.lexibridge.operations.integration.FullEndpointCoverageTest" time="0.031"/>
  <testcase name="contentPortal_POST_itemMediaUpload" classname="com.lexibridge.operations.integration.FullEndpointCoverageTest" time="0.059"/>
  <testcase name="bookingApi_POST_attendanceScan" classname="com.lexibridge.operations.integration.FullEndpointCoverageTest" time="0.025"/>
  <testcase name="contentApi_GET_itemMediaDownload" classname="com.lexibridge.operations.integration.FullEndpointCoverageTest" time="0.02"/>
  <testcase name="moderationApi_GET_commentMediaDownload" classname="com.lexibridge.operations.integration.FullEndpointCoverageTest" time="0.016"/>
  <testcase name="moderationApi_GET_postMediaList" classname="com.lexibridge.operations.integration.FullEndpointCoverageTest" time="0.02"/>
  <testcase name="bookingApi_GET_attachmentsList" classname="com.lexibridge.operations.integration.FullEndpointCoverageTest" time="0.014"/>
  <testcase name="contentPortal_GET" classname="com.lexibridge.operations.integration.FullEndpointCoverageTest" time="0.033"/>
  <testcase name="leavePortal_POST_formDefinitions" classname="com.lexibridge.operations.integration.FullEndpointCoverageTest" time="0.041"/>
  <testcase name="adminApi_POST_webhooks" classname="com.lexibridge.operations.integration.FullEndpointCoverageTest" time="0.018"/>
  <testcase name="adminPortal_POST_users" classname="com.lexibridge.operations.integration.FullEndpointCoverageTest" time="0.026"/>
  <testcase name="adminApi_POST_deviceHmacRotate" classname="com.lexibridge.operations.integration.FullEndpointCoverageTest" time="0.022"/>
  <testcase name="adminPortal_POST_webhookCanDeliver" classname="com.lexibridge.operations.integration.FullEndpointCoverageTest" time="0.023"/>
  <testcase name="leavePortal_POST_requests" classname="com.lexibridge.operations.integration.FullEndpointCoverageTest" time="0.023"/>
  <testcase name="paymentsApi_POST_reconciliation" classname="com.lexibridge.operations.integration.FullEndpointCoverageTest" time="0.03"/>
  <testcase name="paymentsApi_POST_exceptionsInReview" classname="com.lexibridge.operations.integration.FullEndpointCoverageTest" time="0.026"/>
  <testcase name="contentApi_POST_importsExecute" classname="com.lexibridge.operations.integration.FullEndpointCoverageTest" time="0.016"/>
  <testcase name="bookingApi_GET_attachmentsDownload" classname="com.lexibridge.operations.integration.FullEndpointCoverageTest" time="0.013"/>
  <testcase name="leaveApi_POST_approvalsApprove" classname="com.lexibridge.operations.integration.FullEndpointCoverageTest" time="0.016"/>
  <testcase name="leaveApi_POST_requestsResubmit" classname="com.lexibridge.operations.integration.FullEndpointCoverageTest" time="0.029"/>
  <testcase name="moderationApi_POST_reports" classname="com.lexibridge.operations.integration.FullEndpointCoverageTest" time="0.024"/>
  <testcase name="paymentsApi_POST_callbacks" classname="com.lexibridge.operations.integration.FullEndpointCoverageTest" time="0.032"/>
  <testcase name="leavePortal_POST_approvalCorrection" classname="com.lexibridge.operations.integration.FullEndpointCoverageTest" time="0.022"/>
  <testcase name="moderationApi_GET_penalties" classname="com.lexibridge.operations.integration.FullEndpointCoverageTest" time="0.018"/>
  <testcase name="getLogin" classname="com.lexibridge.operations.integration.FullEndpointCoverageTest" time="0.014"/>
  <testcase name="leavePortal_POST_requestWithdraw" classname="com.lexibridge.operations.integration.FullEndpointCoverageTest" time="0.023"/>
  <testcase name="contentApi_POST_itemsPublish" classname="com.lexibridge.operations.integration.FullEndpointCoverageTest" time="0.028"/>
  <testcase name="contentApi_POST_mediaValidate" classname="com.lexibridge.operations.integration.FullEndpointCoverageTest" time="0.046"/>
  <testcase name="moderationApi_POST_postMediaUpload" classname="com.lexibridge.operations.integration.FullEndpointCoverageTest" time="0.03"/>
  <testcase name="adminPortal_GET" classname="com.lexibridge.operations.integration.FullEndpointCoverageTest" time="0.059"/>
  <testcase name="moderationApi_GET_caseMediaList" classname="com.lexibridge.operations.integration.FullEndpointCoverageTest" time="0.037"/>
  <testcase name="moderationApi_POST_communityPosts" classname="com.lexibridge.operations.integration.FullEndpointCoverageTest" time="0.031"/>
  <testcase name="paymentsApi_POST_exceptionsResolve" classname="com.lexibridge.operations.integration.FullEndpointCoverageTest" time="0.025"/>
</testsuite>